pthread_condattr_init(0x95df40, 0x93d7c0, 0x93d788, 0x93d7a0) = 0
pthread_condattr_setclock(0x95df40, 1, 0x93d788, 0x93d7a0) = 0
malloc(32)                                       = 0x16dc2a0
sem_init(0x16dc2a0, 0, 1, 0x16dc2c0)             = 0
pthread_self(0x16dc2d0, 0, 1, 0x16dc2f0)         = 0x7f19b8b5b740
setlocale(LC_CTYPE, nil)                         = "C"
memcpy(0x16dc300, "C\0", 2)                      = 0x16dc300
free(0x16dc320)                                  = <void>
strcmp("C.UTF-8", "C")                           = 46
mbstowcs(0, 0x7ffe9b3974bb, 0, 0)                = 9
getenv("PYTHONDEVMODE")                          = nil
wcslen(0x16dcd50, 0, 0, 0x16dc010)               = 9
wcscmp(0x16dcdb0, 0x83efd4, 0x16dcf00, 0x16dcf00) = 1
memset(0x7ffe9b38d8e0, '\0', 16388)              = 0x7ffe9b38d8e0
wcschr(0x16dcdb0, 47, 0x7ffe9b38d8e0, 0)         = 0x16dcdb4
getcwd(0x7ffe9b37f7d0, 4096)                     = "/home/ethan/kctf/ImaginaryCTF-20"...
wcsncpy(0x7ffe9b3918f0, 0x16dd010, 4097, 0xffff2865) = 0x7ffe9b3918f0
wcstombs(0, 0x7ffe9b37f778, 0, 47)               = 1
readlink(0x16dd270, 0x7ffe9b37f800, 4096, 0)     = -1
fopen64("/home/ethan/kctf/ImaginaryCTF-20"..., "r") = 0
__errno_location()                               = 0x7f19b8b5b6c0
__xstat64(1, "/home/ethan/kctf/ImaginaryCTF-20"..., 0x7ffe9b3858c0) = -1
wcscat(0x7ffe9b38d8e0, 0x84b430, 0x7ffe9b38d8e0, 0) = 0x7ffe9b38d8e0
realloc(0, 8)                                    = 0x16dcfb0
nl_langinfo(14, 0x7ffe9b395d10, 0x7ffe9b395d50, 0) = 0x7f19b884d24c
getrandom(0x959820, 24, 1, 0)                    = 24
sem_wait(0x16dc2a0, 1, 0x16defe0, 0)             = 0
sem_post(0x16dc2a0, 0, 1, 0)                     = 0
pthread_key_create(0x93db74, 0, 0x16debc0, 0)    = 0
pthread_getspecific(0, 0x16debc0, 0x7f19b8d22340, 0) = 0
pthread_setspecific(0, 0x16debc0, 0x7f19b8b5b740, 0) = 0
pthread_mutex_init(0x93dad0, 0, 1, 0)            = 0
pthread_cond_init(0x93daa0, 0x95df40, 1, 0)      = 0
pthread_mutex_lock(0x93dad0, 0x16debc0, 2, 0)    = 0
pthread_cond_signal(0x93daf8, 0x16debc0, 0, 0)   = 0
pthread_mutex_unlock(0x93db28, 0x16debc0, 0, 0)  = 0
mmap64(0, 0x40000, 3, 34)                        = 0x7f19b8803000
strlen("__getattribute__")                       = 16
memcmp(0x7f19b8805060, 0x7f19b88050b0, 16, 0x7f19b8807058) = 0
strrchr("object", '.')                           = nil
strncmp("object()\n--\n\nThe base class of t"..., "object", 6) = 0
fileno(0x7f19b8f145c0)                           = 2
__vsnprintf_chk(0x958b20, 52, 1, -1)             = 30
memmove(0x16e4e88, "0\340|\270\031\177\0\0p\340|\270\031\177\0\0\260\340|\270\031\177\0\0", 24) = 0x16e4e88
confstr(3, 0x7ffe9b395ae0, 255, 0x65726f6870616d65) = 10
memrchr(0x7f19b87d4970, 46, 17, 0x7f19b87dd3e0)  = 0
floor(0x7fffffffffffffff, 0x16ecca0, 0x32f2d7ff, 0x3b9aca00) = 0x225c17d04
clock_gettime(0, 0x7ffe9b395bc0, 1, 4)           = 0
sem_trywait(0x16dcdb0, 0, 1, 0)                  = 0
strchr("|iO:acquire", ':')                       = ":acquire"
sem_destroy(0x16dcee0, 0, 0, 4)                  = 0
qsort(0x91b360, 20, 16, 0x51e960)                = <void>
sysconf(2, 19, 0x7f19b879a000, -1)               = 100
memchr("_frozen_importlib_external", '.', 26)    = 0
time(0)                                          = 1658001714
localtime_r(0x7ffe9b393fb8, 0x7ffe9b394000, 0x1037fb2, 0x1e187e0) = 0x7ffe9b394000
strncpy(0x7ffe9b393ff6, "PST", 9)                = 0x7ffe9b393ff6
sigaltstack(0x95bcf0, 0x95bcd0, 0x4011, 0x17282d0) = 0
strerror(2)                                      = "No such file or directory"
opendir("/usr/lib/python3.8")                    = 0x1728520
readdir64(0x1728520)                             = 0x1728550
closedir(0x1728520)                              = 0
munmap(0x7f19b8743000, 0x40000, 0x40000, 0)      = 0
modf(0x7ffe9b394d58, 0x7f19b87b3b20, 0x9067c0, 0x5ec4e0) = 0x8000000000000000
open64("/usr/lib/python3.8/encodings/__p"..., 524288, 0666) = 3
fcntl64(3, 1, 0, 0x91c460)                       = 1
__fxstat64(1, 3, 0x7ffe9b3947c0)                 = 0
isatty(3)                                        = 0
lseek64(3, 0, 1, 0)                              = 0
read(3, "U\r\r\n", 3904)                         = 3903
close(3)                                         = 0
sigemptyset(<>)                                  = 0
sigaction(SIGPIPE, { 0x1, <>, 0, 0 }, { 0, <>, 0x218, 0x5b86b8 }) = 0
__libc_current_sigrtmin(50, -1, 6, 510)          = 34
__libc_current_sigrtmax(19, -1, 117, 590)        = 64
dup(0, 0x7f19b876a450, 0, 0)                     = 3
calloc(69, 8)                                    = 0x1748970
geteuid()                                        = 1000
getuid()                                         = 1000
getegid()                                        = 1000
getgid()                                         = 1000
__ctype_b_loc()                                  = 0x7f19b8b5b6d8
strcpy(0x7f19b86b75b0, "utf-8")                  = 0x7f19b86b75b0
__realpath_chk(0x16dc300, 0x7ffe9b384fc0, 4096, 0) = 0x7ffe9b384fc0
wcsrchr(0x7ffe9b385ff0, 47, 0x16de570, 2)        = 0x7ffe9b3860fc
ftell(0x16dc340, 0x7f19b87761a1, 17, 0x16fe128)  = 0
fread(0x7ffe9b395fee, 1, 2, 0x16dc340)           = 2
rewind(0x16dc340, 0x7266, 0, 0x7266)             = 0
getc(0x16dc340, 8192, 0x1712bb0, 0x846b28)       = 102
ungetc(102, 0x16dc340, 0x177a991, 0x7f19b8e34fd2) = 102
flockfile(0x16dc340, 8192, 0x16dc340, 0)         = 0
funlockfile(0x16dc340, 0x177a9aa, 0x177a9a9, 111) = 0
feof(0x16dc340)                                  = 0
__uflow(0x16dc340, 3, 8231, 0)                   = 0xffffffff
fclose(0x16dc340)                                = 0
dlopen("/usr/lib/python3.8/lib-dynload/_"..., 2) = 0x177a990
dlsym(0x177a990, "PyInit__ctypes")               = 0x7f19b8610e60
write(1, "|| PYWRITE ||\n1: read\n2: write\n>"..., 33) = 33
log(0x7f19b8651f20, 0x7ffe9b395b78, 1, 9)        = 0x3ff4000000000000
__sprintf_chk(0x7ffe9b3958f0, 1, 21, 0x7ec607)   = 2
syscall(186, 0, 0x16debc0, 0)                    = 0x7b9e
zlibVersion(0, 33, 0xbd5c450566caec5e, 0x17ea548) = 0x7f19b8b75034
exp(0x909b40, 0x7f19b7e0a370, 0x16debc0, 0)      = 0x3fe371a7373aa9cb
pow(0xffffffcb, 0x7ffe9b391a80, 0, -1)           = 0x3ca0000000000000
XML_ExpatVersion(0, 10, 0x18f08f9f06146091, 0x7f19b7cda518) = 0x7f19b8b9c921
XML_ExpatVersionInfo(0, 11, 13, 10)              = 0x200000002
XML_GetFeatureList(0, 15, 0x4de67c65811e04d8, 0x17ff8b8) = 0x7f19b8ba7200
XML_ErrorString(1, 16, 0x88fe, 0x90b640)         = 0x7f19b8b9c913
--- SIGSEGV (Segmentation fault) ---
+++ killed by SIGSEGV +++
